0 info it worked if it ends with ok
1 verbose cli [ 'node', '/usr/local/bin/npm', 'update', '-g', 'bower' ]
2 info using npm@2.1.11
3 info using node@v0.10.28
4 silly mapToRegistry name bower
5 silly mapToRegistry using default registry
6 silly mapToRegistry registry https://registry.npmjs.org/
7 silly mapToRegistry uri https://registry.npmjs.org/bower
8 verbose request uri https://registry.npmjs.org/bower
9 verbose request no auth needed
10 info attempt registry request try #1 at 06:33:38
11 verbose request id 4a02c4a821f882eb
12 verbose etag "1AE25NKL6A92DE8G589L8HBU"
13 http request GET https://registry.npmjs.org/bower
14 http 304 https://registry.npmjs.org/bower
15 silly get cb [ 304,
15 silly get   { date: 'Thu, 18 Jun 2015 20:33:39 GMT',
15 silly get     via: '1.1 varnish',
15 silly get     'cache-control': 'max-age=60',
15 silly get     etag: '"1AE25NKL6A92DE8G589L8HBU"',
15 silly get     age: '23',
15 silly get     connection: 'keep-alive',
15 silly get     'x-served-by': 'cache-syd1625-SYD',
15 silly get     'x-cache': 'HIT',
15 silly get     'x-cache-hits': '1',
15 silly get     'x-timer': 'S1434659619.178377,VS0,VE0',
15 silly get     vary: 'Accept' } ]
16 verbose etag https://registry.npmjs.org/bower from cache
17 info outdated updating [ [ '/usr/local/lib', 'bower', '1.3.12', '1.4.1', '1.4.1', 'latest' ] ]
18 verbose stack Error: EMFILE, readdir '/usr/local/lib/node_modules/watchify/node_modules/browserify/node_modules/shell-quote'
19 verbose cwd /Users/ngmunyong/Desktop/app/lapMobile
20 error Darwin 14.3.0
21 error argv "node" "/usr/local/bin/npm" "update" "-g" "bower"
22 error node v0.10.28
23 error npm  v2.1.11
24 error path /usr/local/lib/node_modules/watchify/node_modules/browserify/node_modules/shell-quote
25 error code EMFILE
26 error errno 20
27 error EMFILE, readdir '/usr/local/lib/node_modules/watchify/node_modules/browserify/node_modules/shell-quote'
28 error If you need help, you may report this error at:
28 error     <http://github.com/npm/npm/issues>
29 verbose exit [ 20, true ]
